2025-12-24 17:57:09 0 [Warning] failed to retrieve the MAC address
2025-12-24 17:57:09 0 [Note] Starting MariaDB 12.1.2-MariaDB source revision 70117463f032d59f8e328335e19b59157d34cf07 server_uid unknown as process 6766
2025-12-24 17:57:09 0 [ERROR] mariadbd: Can't lock aria control file '/data/data/com.termux/files/usr/var/lib/mysql/aria_log_control' for exclusive use, error: 11. Will retry for 30 seconds
2025-12-24 17:57:39 0 [ERROR] mariadbd: Got error 'Could not get an exclusive lock; file is probably in use by another process' when trying to use aria control file '/data/data/com.termux/files/usr/var/lib/mysql/aria_log_control'
2025-12-24 17:57:39 0 [ERROR] Plugin 'Aria' registration as a STORAGE ENGINE failed.
2025-12-24 17:57:39 0 [Note] InnoDB: Compressed tables use zlib 1.3.1
2025-12-24 17:57:39 0 [Note] InnoDB: Number of transaction pools: 1
2025-12-24 17:57:39 0 [Note] InnoDB: Using ARMv8 crc32 + pmull instructions
2025-12-24 17:57:39 0 [Note] InnoDB: innodb_buffer_pool_size_max=128m, innodb_buffer_pool_size=128m
2025-12-24 17:57:39 0 [Note] InnoDB: Completed initialization of buffer pool
2025-12-24 17:57:39 0 [Note] InnoDB: Buffered log writes (block size=512 bytes)
2025-12-24 17:57:39 0 [ERROR] InnoDB: Unable to lock ./ibdata1 error: 11
2025-12-24 17:57:39 0 [Note] InnoDB: Check that you do not already have another mariadbd process using the same InnoDB data or log files.
2025-12-24 17:57:39 0 [ERROR] InnoDB: Plugin initialization aborted with error Generic error
2025-12-24 17:57:39 0 [Note] InnoDB: Starting shutdown...
2025-12-24 17:57:39 0 [ERROR] Plugin 'InnoDB' registration as a STORAGE ENGINE failed.
2025-12-24 17:57:39 0 [Note] Plugin 'FEEDBACK' is disabled.
2025-12-24 17:57:39 0 [ERROR] Could not open mysql.plugin table: "Unknown storage engine 'Aria'". Some plugins may be not loaded
2025-12-24 17:57:39 0 [ERROR] Failed to initialize plugins.
2025-12-24 17:57:39 0 [ERROR] Aborting
